<?xml version="1.0" encoding="UTF-8"?>
<testsuite xmlns:xsi="http://www.w3.org/2001/XMLSchema-instance" xsi:noNamespaceSchemaLocation="https://maven.apache.org/surefire/maven-surefire-plugin/xsd/surefire-test-report-3.0.xsd" version="3.0" name="com.example.currencyexchange.CurrencyConverterTest" time="0.975" tests="11" errors="0" skipped="0" failures="0">
  <properties>
[...]
</properties>
  <testcase name="testGetSupportedCurrencies" classname="com.example.currencyexchange.CurrencyConverterTest" time="0.49"/>
  <testcase name="testConvert_InvalidToCurrency(String)[1]" classname="com.example.currencyexchange.CurrencyConverterTest" time="0.019"/>
  <testcase name="testConvert_InvalidToCurrency(String)[2]" classname="com.example.currencyexchange.CurrencyConverterTest" time="0.002"/>
  <testcase name="testConvert_InvalidAmount(double)[1]" classname="com.example.currencyexchange.CurrencyConverterTest" time="0.007"/>
  <testcase name="testConvert_InvalidAmount(double)[2]" classname="com.example.currencyexchange.CurrencyConverterTest" time="0.001"/>
  <testcase name="testConvert_InvalidAmountNaN(double)[1]" classname="com.example.currencyexchange.CurrencyConverterTest" time="0.0"/>
  <testcase name="testConvert_InvalidFromCurrency(String)[1]" classname="com.example.currencyexchange.CurrencyConverterTest" time="0.001"/>
  <testcase name="testConvert_InvalidFromCurrency(String)[2]" classname="com.example.currencyexchange.CurrencyConverterTest" time="0.001"/>
  <testcase name="testConfirmRemoval" classname="com.example.currencyexchange.CurrencyConverterTest" time="0.131"/>
  <testcase name="testConvert_ValidParameters_Comma" classname="com.example.currencyexchange.CurrencyConverterTest" time="0.136"/>
  <testcase name="testConvert_ValidParameters" classname="com.example.currencyexchange.CurrencyConverterTest" time="0.127"/>
</testsuite>